make all --print-data-base --no-builtin-variables --no-builtin-rules --question
# GNU Make 3.81
# Copyright (C) 2006  Free Software Foundation, Inc.
# This is free software; see the source for copying conditions.
# There is NO warranty; not even for MERCHANTABILITY or FITNESS FOR A
# PARTICULAR PURPOSE.

# This program built for i386-apple-darwin11.3.0

# Make data base, printed on Mon Jul 31 20:51:07 2023

# Variables

# automatic
<D = $(patsubst %/,%,$(dir $<))
# automatic
?F = $(notdir $?)
# environment
VSCODE_CRASH_REPORTER_PROCESS_TYPE = extensionHost
# automatic
?D = $(patsubst %/,%,$(dir $?))
# automatic
@D = $(patsubst %/,%,$(dir $@))
# automatic
@F = $(notdir $@)
# makefile
CURDIR := /Users/spark2/Desktop/so_long
# makefile
SHELL = /bin/sh
# environment
VSCODE_NLS_CONFIG = {"locale":"ko","osLocale":"ko","availableLanguages":{"*":"ko"},"_languagePackId":"006ad30b4528ec3eecdf4b2d5bb2195e.ko","_translationsConfigFile":"/Users/spark2/Library/Application Support/Code/clp/006ad30b4528ec3eecdf4b2d5bb2195e.ko/tcf.json","_cacheRoot":"/Users/spark2/Library/Application Support/Code/clp/006ad30b4528ec3eecdf4b2d5bb2195e.ko","_resolvedLanguagePackCoreLocation":"/Users/spark2/Library/Application Support/Code/clp/006ad30b4528ec3eecdf4b2d5bb2195e.ko/695af097c7bd098fbf017ce3ac85e09bbc5dda06","_corruptedFile":"/Users/spark2/Library/Application Support/Code/clp/006ad30b4528ec3eecdf4b2d5bb2195e.ko/corrupted.info","_languagePackSupport":true}
# environment
_ = /usr/bin/make
# makefile (from `Makefile', line 1)
MAKEFILE_LIST :=  Makefile
# makefile (from `Makefile', line 18)
OBJS = $(SRCS:.c=.o)
# environment
VSCODE_CWD = /
# environment
PATH = /usr/bin:/bin:/usr/sbin:/sbin
# environment
LaunchInstanceID = 752B4184-0176-4111-99BF-CD8E78D01E09
# environment
ELECTRON_RUN_AS_NODE = 1
# default
.FEATURES := target-specific order-only second-expansion else-if archives jobserver check-symlink
# environment
SSH_AUTH_SOCK = /private/tmp/com.apple.launchd.20kEx8fZ8L/Listeners
# automatic
%F = $(notdir $%)
# environment
PWD = /Users/spark2/Desktop/so_long
# environment
ORIGINAL_XDG_CURRENT_DESKTOP = undefined
# environment
VSCODE_AMD_ENTRYPOINT = vs/workbench/api/node/extensionHostProcess
# environment
HOME = /Users/spark2
# default
MAKEFILEPATH := /Applications/Xcode.app/Contents/Developer/Makefiles
# environment
VSCODE_CODE_CACHE_PATH = /Users/spark2/Library/Application Support/Code/CachedData/695af097c7bd098fbf017ce3ac85e09bbc5dda06
# environment
LOGNAME = spark2
# environment
APPLICATION_INSIGHTS_NO_DIAGNOSTIC_CHANNEL = 1
# environment
VSCODE_HANDLES_UNCAUGHT_ERRORS = true
# automatic
^D = $(patsubst %/,%,$(dir $^))
# environment
XPC_FLAGS = 0x0
# default
MAKE = $(MAKE_COMMAND)
# default
MAKECMDGOALS := all
# makefile (from `Makefile', line 15)
SRCS = main.c get_next_line.c get_next_line_utils.c ft_split.c ft_memset.c ft_memcpy.c valid_check.c set_mlx.c image.c path.c key.c ft_itoa.c
# environment
SHLVL = 1
# makefile (from `Makefile', line 22)
CC = cc -Wall -Wextra -Werror
# default
MAKE_VERSION := 3.81
# environment
USER = spark2
# makefile
.DEFAULT_GOAL := all
# makefile (from `Makefile', line 20)
INCLUDE = so_long.h
# makefile (from `Makefile', line 13)
NAME = so_long
# automatic
%D = $(patsubst %/,%,$(dir $%))
# default
MAKE_COMMAND := /Applications/Xcode.app/Contents/Developer/usr/bin/make
# default
.VARIABLES := 
# environment
TMPDIR = /var/folders/zz/zyxvpxvq6csfxvn_n000cxhc0037c3/T/
# automatic
*F = $(notdir $*)
# environment
VSCODE_IPC_HOOK = /Users/spark2/Library/Application Support/Code/1.79-main.sock
# environment
MallocNanoZone = 0
# makefile
MAKEFLAGS = Rrqp
# environment
MFLAGS = -Rrqp
# automatic
*D = $(patsubst %/,%,$(dir $*))
# environment
XPC_SERVICE_NAME = com.apple.xpc.launchd.oneshot.0x10000001.Electron
# automatic
+D = $(patsubst %/,%,$(dir $+))
# automatic
+F = $(notdir $+)
# environment
__CF_USER_TEXT_ENCODING = 0x19D83:0x3:0x33
# environment
COMMAND_MODE = unix2003
# default
MAKEFILES := 
# automatic
<F = $(notdir $<)
# environment
LC_ALL = C
# environment
SECURITYSESSIONID = 186a6
# automatic
^F = $(notdir $^)
# default
SUFFIXES := 
# default
.INCLUDE_DIRS = /usr/local/include
# environment
MAKELEVEL := 0
# environment
LANG = C
# environment
VSCODE_PID = 1971
# variable set hash-table stats:
# Load=65/1024=6%, Rehash=0, Collisions=4/93=4%

# Pattern-specific Variable Values

# No pattern-specific variable values.

# Directories

# . (device 16777225, inode 2409654): 36 files, no impossibilities.

# 36 files, no impossibilities in 1 directories.

# Implicit Rules

%.o: %.c
#  commands to execute (from `Makefile', line 31):
	$(CC) -Imlx -c $< -o $@ -I $(INCLUDE)
	

# 1 implicit rules, 0 (0.0%) terminal.

# Files

# Not a target:
image.c:
#  Implicit rule search has been done.
#  Last modified 2023-07-31 20:07:40
#  File has been updated.
#  Successfully updated.
# variable set hash-table stats:
# Load=0/32=0%, Rehash=0, Collisions=0/0=0%

ft_memcpy.o: ft_memcpy.c
#  Implicit rule search has been done.
#  Implicit/static pattern stem: `ft_memcpy'
#  Last modified 2023-07-31 20:49:58
#  File has been updated.
#  Successfully updated.
# variable set hash-table stats:
# Load=0/32=0%, Rehash=0, Collisions=0/0=0%
#  commands to execute (from `Makefile', line 31):
	$(CC) -Imlx -c $< -o $@ -I $(INCLUDE)
	

ft_itoa.o: ft_itoa.c
#  Implicit rule search has been done.
#  Implicit/static pattern stem: `ft_itoa'
#  Last modified 2023-07-31 20:49:58
#  File has been updated.
#  Successfully updated.
# variable set hash-table stats:
# Load=0/32=0%, Rehash=0, Collisions=0/0=0%
#  commands to execute (from `Makefile', line 31):
	$(CC) -Imlx -c $< -o $@ -I $(INCLUDE)
	

set_mlx.o: set_mlx.c
#  Implicit rule search has been done.
#  Implicit/static pattern stem: `set_mlx'
#  Last modified 2023-07-31 20:49:58
#  File has been updated.
#  Successfully updated.
# variable set hash-table stats:
# Load=0/32=0%, Rehash=0, Collisions=0/0=0%
#  commands to execute (from `Makefile', line 31):
	$(CC) -Imlx -c $< -o $@ -I $(INCLUDE)
	

all: so_long
#  Phony target (prerequisite of .PHONY).
#  Command-line target.
#  Implicit rule search has not been done.
#  File does not exist.
#  File has been updated.
#  Successfully updated.
# variable set hash-table stats:
# Load=0/32=0%, Rehash=0, Collisions=0/0=0%

.PHONY: all clean fclean re
#  Implicit rule search has not been done.
#  Modification time never checked.
#  File has not been updated.

# Not a target:
main.c:
#  Implicit rule search has been done.
#  Last modified 2023-07-31 20:49:39
#  File has been updated.
#  Successfully updated.
# variable set hash-table stats:
# Load=0/32=0%, Rehash=0, Collisions=0/0=0%

# Not a target:
path.c:
#  Implicit rule search has been done.
#  Last modified 2023-07-31 20:40:07
#  File has been updated.
#  Successfully updated.
# variable set hash-table stats:
# Load=0/32=0%, Rehash=0, Collisions=0/0=0%

ft_split.o: ft_split.c
#  Implicit rule search has been done.
#  Implicit/static pattern stem: `ft_split'
#  Last modified 2023-07-31 20:49:58
#  File has been updated.
#  Successfully updated.
# variable set hash-table stats:
# Load=0/32=0%, Rehash=0, Collisions=0/0=0%
#  commands to execute (from `Makefile', line 31):
	$(CC) -Imlx -c $< -o $@ -I $(INCLUDE)
	

# Not a target:
get_next_line.c:
#  Implicit rule search has been done.
#  Last modified 2023-07-31 15:42:58
#  File has been updated.
#  Successfully updated.
# variable set hash-table stats:
# Load=0/32=0%, Rehash=0, Collisions=0/0=0%

# Not a target:
.SUFFIXES:
#  Implicit rule search has not been done.
#  Modification time never checked.
#  File has not been updated.

# Not a target:
Makefile:
#  Implicit rule search has been done.
#  Last modified 2023-07-31 20:49:53
#  File has been updated.
#  Successfully updated.
# variable set hash-table stats:
# Load=0/32=0%, Rehash=0, Collisions=0/0=0%

# Not a target:
key.c:
#  Implicit rule search has been done.
#  Last modified 2023-07-31 17:55:04
#  File has been updated.
#  Successfully updated.
# variable set hash-table stats:
# Load=0/32=0%, Rehash=0, Collisions=0/0=0%

# Not a target:
ft_memcpy.c:
#  Implicit rule search has been done.
#  Last modified 2023-07-31 20:48:47
#  File has been updated.
#  Successfully updated.
 
# variable set hash-table stats:
# Load=0/32=0%, Rehash=0, Collisions=0/0=0%

# Not a target:
ft_itoa.c:
#  Implicit rule search has been done.
#  Last modified 2023-07-31 20:48:42
#  File has been updated.
#  Successfully updated.
# variable set hash-table stats:
# Load=0/32=0%, Rehash=0, Collisions=0/0=0%

fclean: clean
#  Phony target (prerequisite of .PHONY).
#  Implicit rule search has not been done.
#  File does not exist.
#  File has not been updated.
#  commands to execute (from `Makefile', line 37):
	rm -rf $(NAME)
	

# Not a target:
ft_memset.c:
#  Implicit rule search has been done.
#  Last modified 2023-07-31 20:48:50
#  File has been updated.
#  Successfully updated.
# variable set hash-table stats:
# Load=0/32=0%, Rehash=0, Collisions=0/0=0%

valid_check.o: valid_check.c
#  Implicit rule search has been done.
#  Implicit/static pattern stem: `valid_check'
#  Last modified 2023-07-31 20:49:58
#  File has been updated.
#  Successfully updated.
# variable set hash-table stats:
# Load=0/32=0%, Rehash=0, Collisions=0/0=0%
#  commands to execute (from `Makefile', line 31):
	$(CC) -Imlx -c $< -o $@ -I $(INCLUDE)
	

# Not a target:
ft_split.c:
#  Implicit rule search has been done.
#  Last modified 2023-07-31 20:48:52
#  File has been updated.
#  Successfully updated.
# variable set hash-table stats:
# Load=0/32=0%, Rehash=0, Collisions=0/0=0%

get_next_line_utils.o: get_next_line_utils.c
#  Implicit rule search has been done.
#  Implicit/static pattern stem: `get_next_line_utils'
#  Last modified 2023-07-31 20:49:58
#  File has been updated.
#  Successfully updated.
# variable set hash-table stats:
# Load=0/32=0%, Rehash=0, Collisions=0/0=0%
#  commands to execute (from `Makefile', line 31):
	$(CC) -Imlx -c $< -o $@ -I $(INCLUDE)
	

# Not a target:
.DEFAULT:
#  Implicit rule search has not been done.
#  Modification time never checked.
#  File has not been updated.

# Not a target:
set_mlx.c:
#  Implicit rule search has been done.
#  Last modified 2023-07-31 20:08:18
#  File has been updated.
#  Successfully updated.
# variable set hash-table stats:
# Load=0/32=0%, Rehash=0, Collisions=0/0=0%

re: fclean all
#  Phony target (prerequisite of .PHONY).
#  Implicit rule search has not been done.
#  File does not exist.
#  File has not been updated.

image.o: image.c
#  Implicit rule search has been done.
#  Implicit/static pattern stem: `image'
#  Last modified 2023-07-31 20:49:58
#  File has been updated.
#  Successfully updated.
# variable set hash-table stats:
# Load=0/32=0%, Rehash=0, Collisions=0/0=0%
#  commands to execute (from `Makefile', line 31):
	$(CC) -Imlx -c $< -o $@ -I $(INCLUDE)
	

clean:
#  Phony target (prerequisite of .PHONY).
#  Implicit rule search has not been done.
#  File does not exist.
#  File has not been updated.
#  commands to execute (from `Makefile', line 34):
	rm -rf $(OBJS)
	

main.o: main.c
#  Implicit rule search has been done.
#  Implicit/static pattern stem: `main'
#  Last modified 2023-07-31 20:49:58
#  File has been updated.
#  Successfully updated.
# variable set hash-table stats:
# Load=0/32=0%, Rehash=0, Collisions=0/0=0%
#  commands to execute (from `Makefile', line 31):
	$(CC) -Imlx -c $< -o $@ -I $(INCLUDE)
	

path.o: path.c
#  Implicit rule search has been done.
#  Implicit/static pattern stem: `path'
#  Last modified 2023-07-31 20:49:58
#  File has been updated.
#  Successfully updated.
# variable set hash-table stats:
# Load=0/32=0%, Rehash=0, Collisions=0/0=0%
#  commands to execute (from `Makefile', line 31):
	$(CC) -Imlx -c $< -o $@ -I $(INCLUDE)
	

so_long: main.o get_next_line.o get_next_line_utils.o ft_split.o ft_memset.o ft_memcpy.o valid_check.o set_mlx.o image.o path.o key.o ft_itoa.o
#  Implicit rule search has not been done.
#  Last modified 2023-07-31 20:49:58
#  File has been updated.
#  Successfully updated.
# variable set hash-table stats:
# Load=0/32=0%, Rehash=0, Collisions=0/0=0%
#  commands to execute (from `Makefile', line 28):
	$(CC) $^ -Lmlx -lmlx -framework OpenGL -framework AppKit -o $@
	

# Not a target:
valid_check.c:
#  Implicit rule search has been done.
#  Last modified 2023-07-31 20:12:08
#  File has been updated.
#  Successfully updated.
# variable set hash-table stats:
# Load=0/32=0%, Rehash=0, Collisions=0/0=0%

ft_memset.o: ft_memset.c
#  Implicit rule search has been done.
#  Implicit/static pattern stem: `ft_memset'
#  Last modified 2023-07-31 20:49:58
#  File has been updated.
#  Successfully updated.
# variable set hash-table stats:
# Load=0/32=0%, Rehash=0, Collisions=0/0=0%
#  commands to execute (from `Makefile', line 31):
	$(CC) -Imlx -c $< -o $@ -I $(INCLUDE)
	

# Not a target:
get_next_line_utils.c:
#  Implicit rule search has been done.
#  Last modified 2023-07-31 17:41:06
#  File has been updated.
#  Successfully updated.
# variable set hash-table stats:
# Load=0/32=0%, Rehash=0, Collisions=0/0=0%

get_next_line.o: get_next_line.c
#  Implicit rule search has been done.
#  Implicit/static pattern stem: `get_next_line'
#  Last modified 2023-07-31 20:49:58
#  File has been updated.
#  Successfully updated.
# variable set hash-table stats:
# Load=0/32=0%, Rehash=0, Collisions=0/0=0%
#  commands to execute (from `Makefile', line 31):
	$(CC) -Imlx -c $< -o $@ -I $(INCLUDE)
	

key.o: key.c
#  Implicit rule search has been done.
#  Implicit/static pattern stem: `key'
#  Last modified 2023-07-31 20:49:58
#  File has been updated.
#  Successfully updated.
# variable set hash-table stats:
# Load=0/32=0%, Rehash=0, Collisions=0/0=0%
#  commands to execute (from `Makefile', line 31):
	$(CC) -Imlx -c $< -o $@ -I $(INCLUDE)
	

# files hash-table stats:
# Load=33/1024=3%, Rehash=0, Collisions=4/102=4%
# VPATH Search Paths

# No `vpath' search paths.

# No general (`VPATH' variable) search path.

# # of strings in strcache: 1
# # of strcache buffers: 1
# strcache size: total = 4096 / max = 4096 / min = 4096 / avg = 4096
# strcache free: total = 4087 / max = 4087 / min = 4087 / avg = 4087

# Finished Make data base on Mon Jul 31 20:51:07 2023

 
