make all --print-data-base --no-builtin-variables --no-builtin-rules --question
# GNU Make 3.81
# Copyright (C) 2006  Free Software Foundation, Inc.
# This is free software; see the source for copying conditions.
# There is NO warranty; not even for MERCHANTABILITY or FITNESS FOR A
# PARTICULAR PURPOSE.

# This program built for i386-apple-darwin11.3.0
 

# Make data base, printed on Sun Aug 20 23:11:59 2023

# Variables

# automatic
<D = $(patsubst %/,%,$(dir $<))
# automatic
?F = $(notdir $?)
# environment
VSCODE_CRASH_REPORTER_PROCESS_TYPE = extensionHost
# automatic
?D = $(patsubst %/,%,$(dir $?))
# automatic
@D = $(patsubst %/,%,$(dir $@))
# automatic
@F = $(notdir $@)
# makefile
CURDIR := /Users/spark2/Desktop/push_swap
# makefile
SHELL = /bin/sh
# environment
VSCODE_NLS_CONFIG = {"locale":"ko","osLocale":"en","availableLanguages":{"*":"ko"},"_languagePackId":"006ad30b4528ec3eecdf4b2d5bb2195e.ko","_translationsConfigFile":"/Users/spark2/Library/Application Support/Code/clp/006ad30b4528ec3eecdf4b2d5bb2195e.ko/tcf.json","_cacheRoot":"/Users/spark2/Library/Application Support/Code/clp/006ad30b4528ec3eecdf4b2d5bb2195e.ko","_resolvedLanguagePackCoreLocation":"/Users/spark2/Library/Application Support/Code/clp/006ad30b4528ec3eecdf4b2d5bb2195e.ko/695af097c7bd098fbf017ce3ac85e09bbc5dda06","_corruptedFile":"/Users/spark2/Library/Application Support/Code/clp/006ad30b4528ec3eecdf4b2d5bb2195e.ko/corrupted.info","_languagePackSupport":true}
# environment
_ = /usr/bin/make
# makefile (from `Makefile', line 1)
MAKEFILE_LIST :=  Makefile
# makefile (from `Makefile', line 15)
SRCS = $(wildcard *.c)
# makefile (from `Makefile', line 17)
OBJS = $(SRCS:.c=.o)
# environment
VSCODE_CWD = /
# environment
PATH = /Users/spark2/.brew/bin:/usr/local/bin:/usr/bin:/bin:/usr/sbin:/sbin:/usr/local/munki:/Library/Apple/usr/bin
# environment
LSCOLORS = Gxfxcxdxbxegedabagacad
# environment
LaunchInstanceID = 1C3199B3-2461-4E5B-9156-8D44C553F3F5
# environment
ELECTRON_RUN_AS_NODE = 1
# default
.FEATURES := target-specific order-only second-expansion else-if archives jobserver check-symlink
# environment
LS_COLORS = di=1;36:ln=35:so=32:pi=33:ex=31:bd=34;46:cd=34;43:su=30;41:sg=30;46:tw=30;42:ow=30;43
# environment
SSH_AUTH_SOCK = /private/tmp/com.apple.launchd.jDvVAINRC5/Listeners
# automatic
%F = $(notdir $%)
# environment
HOMEBREW_TEMP = /tmp/spark2/Homebrew/Temp
# environment
PWD = /Users/spark2/Desktop/push_swap
# environment
ORIGINAL_XDG_CURRENT_DESKTOP = undefined
# environment
VSCODE_AMD_ENTRYPOINT = vs/workbench/api/node/extensionHostProcess
# environment
HOME = /Users/spark2
# default
MAKEFILEPATH := /Applications/Xcode.app/Contents/Developer/Makefiles
# environment
VSCODE_CODE_CACHE_PATH = /Users/spark2/Library/Application Support/Code/CachedData/695af097c7bd098fbf017ce3ac85e09bbc5dda06
# environment
LOGNAME = spark2
# environment
APPLICATION_INSIGHTS_NO_DIAGNOSTIC_CHANNEL = 1
# environment
ZSH = /Users/spark2/.oh-my-zsh
# environment
VSCODE_HANDLES_UNCAUGHT_ERRORS = true
# automatic
^D = $(patsubst %/,%,$(dir $^))
# environment
XPC_FLAGS = 0x0
# default
MAKE = $(MAKE_COMMAND)
# default
MAKECMDGOALS := all
# environment
HOMEBREW_CACHE = /tmp/spark2/Homebrew/Caches
# environment
SHLVL = 1
# makefile (from `Makefile', line 21)
CC = cc -g -Wall -Wextra -Werror
# default
MAKE_VERSION := 3.81
# environment
USER = spark2
# makefile
.DEFAULT_GOAL := all
# makefile (from `Makefile', line 19)
INCLUDE = push_swap.h
# makefile (from `Makefile', line 13)
NAME = push_swap
# environment
LESS = -R
# automatic
%D = $(patsubst %/,%,$(dir $%))
# default
MAKE_COMMAND := /Applications/Xcode.app/Contents/Developer/usr/bin/make
# default
.VARIABLES := 
# environment
TMPDIR = /var/folders/zz/zyxvpxvq6csfxvn_n000cxhc0037c3/T/
# automatic
*F = $(notdir $*)
# environment
VSCODE_IPC_HOOK = /Users/spark2/Library/Application Support/Code/1.79-main.sock
# environment
MallocNanoZone = 0
# makefile
MAKEFLAGS = Rrqp
# environment
MFLAGS = -Rrqp
# automatic
*D = $(patsubst %/,%,$(dir $*))
# environment
MAIL = spark2@student.42seoul.kr
# environment
XPC_SERVICE_NAME = com.apple.xpc.launchd.oneshot.0x10000008.Electron
# automatic
+D = $(patsubst %/,%,$(dir $+))
# automatic
+F = $(notdir $+)
# environment
__CF_USER_TEXT_ENCODING = 0x19D83:0x3:0x33
# environment
COMMAND_MODE = unix2003
# default
MAKEFILES := 
# automatic
<F = $(notdir $<)
# environment
PAGER = less
# environment
LC_ALL = C
# environment
SECURITYSESSIONID = 186b8
# automatic
^F = $(notdir $^)
# default
SUFFIXES := 
# default
.INCLUDE_DIRS = /usr/local/include
# environment
MAKELEVEL := 0
# environment
LANG = C
# environment
VSCODE_PID = 88525
# variable set hash-table stats:
# Load=73/1024=7%, Rehash=0, Collisions=6/101=6%

# Pattern-specific Variable Values

# No pattern-specific variable values.

# Directories

# . (device 16777225, inode 2128258): 40 files, no impossibilities.

# 40 files, no impossibilities in 1 directories.

# Implicit Rules

%.o: %.c
#  commands to execute (from `Makefile', line 29):
	$(CC) -c $< -o $@ -I $(INCLUDE)
	

# 1 implicit rules, 0 (0.0%) terminal.

# Files

ft_abs.o: ft_abs.c
#  Implicit rule search has been done.
#  Implicit/static pattern stem: `ft_abs'
#  Last modified 2023-08-20 23:10:49
#  File has been updated.
#  Successfully updated.
# variable set hash-table stats:
# Load=0/32=0%, Rehash=0, Collisions=0/0=0%
#  commands to execute (from `Makefile', line 29):
	$(CC) -c $< -o $@ -I $(INCLUDE)
	

# Not a target:
hard_coding.c:
#  Implicit rule search has been done.
#  Last modified 2023-08-20 22:56:41
#  File has been updated.
#  Successfully updated.
# variable set hash-table stats:
# Load=0/32=0%, Rehash=0, Collisions=0/0=0%

# Not a target:
check_valid.c:
#  Implicit rule search has been done.
#  Last modified 2023-08-07 13:39:12
#  File has been updated.
#  Successfully updated.
# variable set hash-table stats:
# Load=0/32=0%, Rehash=0, Collisions=0/0=0%

# Not a target:
run_b_to_a.c:
#  Implicit rule search has been done.
#  Last modified 2023-08-20 17:03:15
#  File has been updated.
#  Successfully updated.
# variable set hash-table stats:
# Load=0/32=0%, Rehash=0, Collisions=0/0=0%

# Not a target:
lst_func.c:
#  Implicit rule search has been done.
#  Last modified 2023-08-20 17:34:20
#  File has been updated.
#  Successfully updated.
# variable set hash-table stats:
# Load=0/32=0%, Rehash=0, Collisions=0/0=0%

all: push_swap
#  Phony target (prerequisite of .PHONY).
#  Command-line target.
#  Implicit rule search has not been done.
#  File does not exist.
#  File has been updated.
#  Successfully updated.
# variable set hash-table stats:
# Load=0/32=0%, Rehash=0, Collisions=0/0=0%

# Not a target:
utils.c:
#  Implicit rule search has been done.
#  Last modified 2023-08-20 23:09:24
#  File has been updated.
#  Successfully updated.
# variable set hash-table stats:
# Load=0/32=0%, Rehash=0, Collisions=0/0=0%

.PHONY: all clean fclean re
#  Implicit rule search has not been done.
#  Modification time never checked.
#  File has not been updated.

# Not a target:
main.c:
#  Implicit rule search has been done.
#  Last modified 2023-08-20 23:08:39
#  File has been updated.
#  Successfully updated.
# variable set hash-table stats:
# Load=0/32=0%, Rehash=0, Collisions=0/0=0%

numbering.o: numbering.c
#  Implicit rule search has been done.
#  Implicit/static pattern stem: `numbering'
#  Last modified 2023-08-20 23:10:49
#  File has been updated.
#  Successfully updated.
# variable set hash-table stats:
# Load=0/32=0%, Rehash=0, Collisions=0/0=0%
#  commands to execute (from `Makefile', line 29):
	$(CC) -c $< -o $@ -I $(INCLUDE)
	

command_1.o: command_1.c
#  Implicit rule search has been done.
#  Implicit/static pattern stem: `command_1'
#  Last modified 2023-08-20 23:10:49
#  File has been updated.
#  Successfully updated.
# variable set hash-table stats:
# Load=0/32=0%, Rehash=0, Collisions=0/0=0%
#  commands to execute (from `Makefile', line 29):
	$(CC) -c $< -o $@ -I $(INCLUDE)
	

# Not a target:
ft_split_org.c:
#  Implicit rule search has been done.
#  Last modified 2023-08-06 19:16:08
#  File has been updated.
#  Successfully updated.
# variable set hash-table stats:
# Load=0/32=0%, Rehash=0, Collisions=0/0=0%

# Not a target:
.SUFFIXES:
#  Implicit rule search has not been done.
#  Modification time never checked.
#  File has not been updated.

# Not a target:
Makefile:
#  Implicit rule search has been done.
#  Last modified 2023-08-20 20:00:41
#  File has been updated.
#  Successfully updated.
# variable set hash-table stats:
 
# Load=0/32=0%, Rehash=0, Collisions=0/0=0%

sort.o: sort.c
#  Implicit rule search has been done.
#  Implicit/static pattern stem: `sort'
#  Last modified 2023-08-20 23:10:49
#  File has been updated.
#  Successfully updated.
# variable set hash-table stats:
# Load=0/32=0%, Rehash=0, Collisions=0/0=0%
#  commands to execute (from `Makefile', line 29):
	$(CC) -c $< -o $@ -I $(INCLUDE)
	

set_min_top.o: set_min_top.c
#  Implicit rule search has been done.
#  Implicit/static pattern stem: `set_min_top'
#  Last modified 2023-08-20 23:10:49
#  File has been updated.
#  Successfully updated.
# variable set hash-table stats:
# Load=0/32=0%, Rehash=0, Collisions=0/0=0%
#  commands to execute (from `Makefile', line 29):
	$(CC) -c $< -o $@ -I $(INCLUDE)
	

# Not a target:
ft_abs.c:
#  Implicit rule search has been done.
#  Last modified 2023-08-20 16:02:10
#  File has been updated.
#  Successfully updated.
# variable set hash-table stats:
# Load=0/32=0%, Rehash=0, Collisions=0/0=0%

pivot.o: pivot.c
#  Implicit rule search has been done.
#  Implicit/static pattern stem: `pivot'
#  Last modified 2023-08-20 23:10:49
#  File has been updated.
#  Successfully updated.
# variable set hash-table stats:
# Load=0/32=0%, Rehash=0, Collisions=0/0=0%
#  commands to execute (from `Makefile', line 29):
	$(CC) -c $< -o $@ -I $(INCLUDE)
	

command_2.o: command_2.c
#  Implicit rule search has been done.
#  Implicit/static pattern stem: `command_2'
#  Last modified 2023-08-20 23:10:49
#  File has been updated.
#  Successfully updated.
# variable set hash-table stats:
# Load=0/32=0%, Rehash=0, Collisions=0/0=0%
#  commands to execute (from `Makefile', line 29):
	$(CC) -c $< -o $@ -I $(INCLUDE)
	

fclean: clean
#  Phony target (prerequisite of .PHONY).
#  Implicit rule search has not been done.
#  File does not exist.
#  File has not been updated.
#  commands to execute (from `Makefile', line 35):
	rm -rf $(NAME)
	

# Not a target:
ft_memset.c:
#  Implicit rule search has been done.
#  Last modified 2023-08-20 23:09:47
#  File has been updated.
#  Successfully updated.
# variable set hash-table stats:
# Load=0/32=0%, Rehash=0, Collisions=0/0=0%

# Not a target:
numbering.c:
#  Implicit rule search has been done.
#  Last modified 2023-08-16 21:01:53
#  File has been updated.
#  Successfully updated.
# variable set hash-table stats:
# Load=0/32=0%, Rehash=0, Collisions=0/0=0%

# Not a target:
command_1.c:
#  Implicit rule search has been done.
#  Last modified 2023-08-07 13:57:48
#  File has been updated.
#  Successfully updated.
# variable set hash-table stats:
# Load=0/32=0%, Rehash=0, Collisions=0/0=0%

# Not a target:
.DEFAULT:
#  Implicit rule search has not been done.
#  Modification time never checked.
#  File has not been updated.

re: fclean all
#  Phony target (prerequisite of .PHONY).
#  Implicit rule search has not been done.
#  File does not exist.
#  File has not been updated.

# Not a target:
sort.c:
#  Implicit rule search has been done.
#  Last modified 2023-08-20 20:26:12
#  File has been updated.
#  Successfully updated.
# variable set hash-table stats:
# Load=0/32=0%, Rehash=0, Collisions=0/0=0%

clean:
#  Phony target (prerequisite of .PHONY).
#  Implicit rule search has not been done.
#  File does not exist.
#  File has not been updated.
#  commands to execute (from `Makefile', line 32):
	rm -rf $(OBJS)
	

hard_coding.o: hard_coding.c
#  Implicit rule search has been done.
#  Implicit/static pattern stem: `hard_coding'
#  Last modified 2023-08-20 23:10:49
#  File has been updated.
#  Successfully updated.
# variable set hash-table stats:
# Load=0/32=0%, Rehash=0, Collisions=0/0=0%
#  commands to execute (from `Makefile', line 29):
	$(CC) -c $< -o $@ -I $(INCLUDE)
	

check_valid.o: check_valid.c
#  Implicit rule search has been done.
#  Implicit/static pattern stem: `check_valid'
#  Last modified 2023-08-20 23:10:49
#  File has been updated.
#  Successfully updated.
# variable set hash-table stats:
# Load=0/32=0%, Rehash=0, Collisions=0/0=0%
#  commands to execute (from `Makefile', line 29):
	$(CC) -c $< -o $@ -I $(INCLUDE)
	

run_b_to_a.o: run_b_to_a.c
#  Implicit rule search has been done.
#  Implicit/static pattern stem: `run_b_to_a'
#  Last modified 2023-08-20 23:10:49
#  File has been updated.
#  Successfully updated.
# variable set hash-table stats:
# Load=0/32=0%, Rehash=0, Collisions=0/0=0%
#  commands to execute (from `Makefile', line 29):
	$(CC) -c $< -o $@ -I $(INCLUDE)
	

push_swap: check_valid.o command_1.o command_2.o ft_abs.o ft_memset.o ft_split_org.o hard_coding.o lst_func.o main.o numbering.o pivot.o run_b_to_a.o set_min_top.o sort.o utils.o
#  Implicit rule search has not been done.
#  Last modified 2023-08-20 23:10:49
#  File has been updated.
#  Successfully updated.
# variable set hash-table stats:
# Load=0/32=0%, Rehash=0, Collisions=0/0=0%
#  commands to execute (from `Makefile', line 26):
	$(CC) -o $@ $^
	

# Not a target:
set_min_top.c:
#  Implicit rule search has been done.
#  Last modified 2023-08-20 21:00:36
#  File has been updated.
#  Successfully updated.
# variable set hash-table stats:
# Load=0/32=0%, Rehash=0, Collisions=0/0=0%

lst_func.o: lst_func.c
#  Implicit rule search has been done.
#  Implicit/static pattern stem: `lst_func'
#  Last modified 2023-08-20 23:10:49
#  File has been updated.
#  Successfully updated.
# variable set hash-table stats:
# Load=0/32=0%, Rehash=0, Collisions=0/0=0%
#  commands to execute (from `Makefile', line 29):
	$(CC) -c $< -o $@ -I $(INCLUDE)
	

# Not a target:
pivot.c:
#  Implicit rule search has been done.
#  Last modified 2023-08-19 16:03:59
#  File has been updated.
#  Successfully updated.
# variable set hash-table stats:
# Load=0/32=0%, Rehash=0, Collisions=0/0=0%

# Not a target:
command_2.c:
#  Implicit rule search has been done.
#  Last modified 2023-08-16 22:23:56
#  File has been updated.
#  Successfully updated.
# variable set hash-table stats:
# Load=0/32=0%, Rehash=0, Collisions=0/0=0%

utils.o: utils.c
#  Implicit rule search has been done.
#  Implicit/static pattern stem: `utils'
#  Last modified 2023-08-20 23:10:49
#  File has been updated.
#  Successfully updated.
# variable set hash-table stats:
# Load=0/32=0%, Rehash=0, Collisions=0/0=0%
#  commands to execute (from `Makefile', line 29):
	$(CC) -c $< -o $@ -I $(INCLUDE)
	

main.o: main.c
#  Implicit rule search has been done.
#  Implicit/static pattern stem: `main'
#  Last modified 2023-08-20 23:10:49
#  File has been updated.
#  Successfully updated.
# variable set hash-table stats:
# Load=0/32=0%, Rehash=0, Collisions=0/0=0%
#  commands to execute (from `Makefile', line 29):
	$(CC) -c $< -o $@ -I $(INCLUDE)
	

ft_split_org.o: ft_split_org.c
#  Implicit rule search has been done.
#  Implicit/static pattern stem: `ft_split_org'
#  Last modified 2023-08-20 23:10:49
#  File has been updated.
#  Successfully updated.
# variable set hash-table stats:
# Load=0/32=0%, Rehash=0, Collisions=0/0=0%
#  commands to execute (from `Makefile', line 29):
	$(CC) -c $< -o $@ -I $(INCLUDE)
	

ft_memset.o: ft_memset.c
#  Implicit rule search has been done.
#  Implicit/static pattern stem: `ft_memset'
#  Last modified 2023-08-20 23:10:49
#  File has been updated.
#  Successfully updated.
# variable set hash-table stats:
# Load=0/32=0%, Rehash=0, Collisions=0/0=0%
#  commands to execute (from `Makefile', line 29):
	$(CC) -c $< -o $@ -I $(INCLUDE)
	

# files hash-table stats:
# Load=39/1024=4%, Rehash=0, Collisions=2/120=2%
# VPATH Search Paths

# No `vpath' search paths.

# No general (`VPATH' variable) search path.

# # of strings in strcache: 1
# # of strcache buffers: 1
# strcache size: total = 4096 / max = 4096 / min = 4096 / avg = 4096
# strcache free: total = 4087 / max = 4087 / min = 4087 / avg = 4087

# Finished Make data base on Sun Aug 20 23:11:59 2023

 
